<?xml version="1.0" encoding="UTF-8"?>
<!-- Generated by org.testng.reporters.JUnitReportReporter -->
<testsuite hostname="DESKTOP-M02POL9" failures="0" tests="1" name="MyTestCases" time="12.374" errors="0" timestamp="2023-05-02T17:19:40 EEST" skipped="0">
  <testcase classname="MyTestCases" name="Open_the_application" time="12.374"/>
  <system-out/>
</testsuite> <!-- MyTestCases -->
